{"level":"info","message":"GitOps API & Orchestrator (ESM) listening at http://localhost:3001","service":"shadow-stack-orchestrator","timestamp":"2026-03-22T03:42:59.949Z"}
{"level":"info","message":"Incoming request: POST /api/gitops","service":"shadow-stack-orchestrator","timestamp":"2026-03-22T03:43:02.195Z"}
{"error":"Cannot read properties of undefined (reading '_zod')","level":"error","message":"Unhandled Server Error","service":"shadow-stack-orchestrator","stack":"TypeError: Cannot read properties of undefined (reading '_zod')\n    at inst._zod.parse (file:///Users/work/shadow-stack-widget/shadow-stack-widget-1/node_modules/zod/v4/core/schemas.js:1398:46)\n    at inst._zod.parse (file:///Users/work/shadow-stack-widget/shadow-stack-widget-1/node_modules/zod/v4/core/schemas.js:1630:35)\n    at eval (eval at compile (file:///Users/work/shadow-stack-widget/shadow-stack-widget-1/node_modules/zod/v4/core/doc.js:33:16), <anonymous>:22:38)\n    at file:///Users/work/shadow-stack-widget/shadow-stack-widget-1/node_modules/zod/v4/core/schemas.js:897:34\n    at inst._zod.parse (file:///Users/work/shadow-stack-widget/shadow-stack-widget-1/node_modules/zod/v4/core/schemas.js:922:23)\n    at Module.<anonymous> (file:///Users/work/shadow-stack-widget/shadow-stack-widget-1/node_modules/zod/v4/core/parse.js:6:32)\n    at inst.parse (file:///Users/work/shadow-stack-widget/shadow-stack-widget-1/node_modules/zod/v4/classic/schemas.js:39:42)\n    at file:///Users/work/shadow-stack-widget/shadow-stack-widget-1/server/index.js:26:45\n    at Layer.handleRequest (/Users/work/shadow-stack-widget/shadow-stack-widget-1/node_modules/router/lib/layer.js:152:17)\n    at next (/Users/work/shadow-stack-widget/shadow-stack-widget-1/node_modules/router/lib/route.js:157:13)","timestamp":"2026-03-22T03:43:02.198Z"}
{"level":"info","message":"GitOps API & Orchestrator (ESM) listening at http://localhost:3001","service":"shadow-stack-orchestrator","timestamp":"2026-03-22T03:43:21.322Z"}
{"level":"info","message":"Incoming request: POST /api/gitops","service":"shadow-stack-orchestrator","timestamp":"2026-03-22T03:43:23.863Z"}
{"level":"info","message":"GitOps Action: queryFiles","service":"shadow-stack-orchestrator","timestamp":"2026-03-22T03:43:23.864Z"}
{"level":"info","message":"GitOps API & Orchestrator (ESM) listening at http://localhost:3001","service":"shadow-stack-orchestrator","timestamp":"2026-03-22T11:13:40.988Z"}
{"level":"info","message":"Incoming request: POST /api/orchestrator/prompt","service":"shadow-stack-orchestrator","timestamp":"2026-03-22T11:13:43.623Z"}
{"level":"info","message":"[RalphLoop:cycle_1_1774178023324] Input: start | Current State: IDLE","service":"shadow-stack-orchestrator","timestamp":"2026-03-22T11:13:43.625Z"}
{"level":"info","message":"Executing Reality Scan (R)","service":"shadow-stack-orchestrator","timestamp":"2026-03-22T11:13:43.625Z"}
{"level":"info","message":"Incoming request: POST /api/orchestrator/prompt","service":"shadow-stack-orchestrator","timestamp":"2026-03-22T11:13:44.672Z"}
{"level":"info","message":"[RalphLoop:cycle_1_1774178023324] Input: proceed to next | Current State: R","service":"shadow-stack-orchestrator","timestamp":"2026-03-22T11:13:44.673Z"}
{"level":"info","message":"Executing Alignment (A)","service":"shadow-stack-orchestrator","timestamp":"2026-03-22T11:13:44.673Z"}
{"level":"info","message":"Incoming request: POST /api/orchestrator/prompt","service":"shadow-stack-orchestrator","timestamp":"2026-03-22T11:13:45.677Z"}
{"level":"info","message":"[RalphLoop:cycle_1_1774178023324] Input: proceed to next | Current State: A","service":"shadow-stack-orchestrator","timestamp":"2026-03-22T11:13:45.678Z"}
{"level":"info","message":"Executing Layout (L)","service":"shadow-stack-orchestrator","timestamp":"2026-03-22T11:13:45.678Z"}
{"level":"info","message":"Incoming request: POST /api/orchestrator/prompt","service":"shadow-stack-orchestrator","timestamp":"2026-03-22T11:13:46.684Z"}
{"level":"info","message":"[RalphLoop:cycle_1_1774178023324] Input: proceed to next | Current State: L","service":"shadow-stack-orchestrator","timestamp":"2026-03-22T11:13:46.685Z"}
{"level":"info","message":"Executing Plan (P)","service":"shadow-stack-orchestrator","timestamp":"2026-03-22T11:13:46.685Z"}
{"level":"info","message":"Incoming request: POST /api/orchestrator/prompt","service":"shadow-stack-orchestrator","timestamp":"2026-03-22T11:13:47.699Z"}
{"level":"info","message":"[RalphLoop:cycle_1_1774178023324] Input: proceed to next | Current State: P","service":"shadow-stack-orchestrator","timestamp":"2026-03-22T11:13:47.699Z"}
{"level":"info","message":"Executing Health & Hardening (H)","service":"shadow-stack-orchestrator","timestamp":"2026-03-22T11:13:47.700Z"}
{"level":"info","message":"Incoming request: POST /api/orchestrator/prompt","service":"shadow-stack-orchestrator","timestamp":"2026-03-22T11:13:48.706Z"}
{"level":"info","message":"[RalphLoop:cycle_1_1774178023324] Input: proceed to next | Current State: H","service":"shadow-stack-orchestrator","timestamp":"2026-03-22T11:13:48.706Z"}
